0 info it worked if it ends with ok
1 verbose cli [ '/usr/local/bin/node',
1 verbose cli   '/usr/local/bin/npm',
1 verbose cli   'install',
1 verbose cli   '-g',
1 verbose cli   'stylus' ]
2 info using npm@2.14.7
3 info using node@v4.2.1
4 verbose install initial load of /usr/local/lib/package.json
5 verbose readDependencies loading dependencies from /usr/local/lib/package.json
6 silly cache add args [ 'stylus', null ]
7 verbose cache add spec stylus
8 silly cache add parsed spec Result {
8 silly cache add   raw: 'stylus',
8 silly cache add   scope: null,
8 silly cache add   name: 'stylus',
8 silly cache add   rawSpec: '',
8 silly cache add   spec: '*',
8 silly cache add   type: 'range' }
9 silly addNamed stylus@*
10 verbose addNamed "*" is a valid semver range for stylus
11 silly addNameRange { name: 'stylus', range: '*', hasData: false }
12 silly mapToRegistry name stylus
13 silly mapToRegistry using default registry
14 silly mapToRegistry registry https://registry.npmjs.org/
15 silly mapToRegistry uri https://registry.npmjs.org/stylus
16 verbose addNameRange registry:https://registry.npmjs.org/stylus not in flight; fetching
17 verbose request uri https://registry.npmjs.org/stylus
18 verbose request no auth needed
19 info attempt registry request try #1 at 4:44:49 PM
20 verbose request id 8ecac77cdc7744f8
21 verbose etag "384U8XDCH95NPFIE348Z6I9A1"
22 http request GET https://registry.npmjs.org/stylus
23 info retry will retry, error on last attempt: Error: tunneling socket could not be established, cause=connect ETIMEDOUT 172.16.0.224:8080
24 info attempt registry request try #2 at 4:46:15 PM
25 verbose etag "384U8XDCH95NPFIE348Z6I9A1"
26 http request GET https://registry.npmjs.org/stylus
27 info retry will retry, error on last attempt: Error: tunneling socket could not be established, cause=connect ETIMEDOUT 172.16.0.224:8080
28 info attempt registry request try #3 at 4:48:31 PM
29 verbose etag "384U8XDCH95NPFIE348Z6I9A1"
30 http request GET https://registry.npmjs.org/stylus
31 silly get cb [ 304, undefined ]
32 verbose etag https://registry.npmjs.org/stylus from cache
33 verbose get saving stylus to /Users/Lady/.npm/registry.npmjs.org/stylus/.cache.json
34 silly addNameRange number 2 { name: 'stylus', range: '*', hasData: true }
35 silly addNameRange versions [ 'stylus',
35 silly addNameRange   [ '0.0.1',
35 silly addNameRange     '0.0.2',
35 silly addNameRange     '0.1.0',
35 silly addNameRange     '0.2.0',
35 silly addNameRange     '0.2.1',
35 silly addNameRange     '0.3.0',
35 silly addNameRange     '0.3.1',
35 silly addNameRange     '0.4.0',
35 silly addNameRange     '0.4.1',
35 silly addNameRange     '0.5.0',
35 silly addNameRange     '0.5.1',
35 silly addNameRange     '0.5.2',
35 silly addNameRange     '0.5.3',
35 silly addNameRange     '0.6.0',
35 silly addNameRange     '0.6.2',
35 silly addNameRange     '0.6.3',
35 silly addNameRange     '0.6.4',
35 silly addNameRange     '0.6.5',
35 silly addNameRange     '0.6.6',
35 silly addNameRange     '0.6.7',
35 silly addNameRange     '0.7.0',
35 silly addNameRange     '0.7.1',
35 silly addNameRange     '0.7.2',
35 silly addNameRange     '0.7.3',
35 silly addNameRange     '0.7.4',
35 silly addNameRange     '0.8.0',
35 silly addNameRange     '0.9.0',
35 silly addNameRange     '0.9.1',
35 silly addNameRange     '0.9.2',
35 silly addNameRange     '0.10.0',
35 silly addNameRange     '0.11.0',
35 silly addNameRange     '0.11.1',
35 silly addNameRange     '0.11.2',
35 silly addNameRange     '0.11.3',
35 silly addNameRange     '0.11.4',
35 silly addNameRange     '0.11.5',
35 silly addNameRange     '0.11.6',
35 silly addNameRange     '0.11.7',
35 silly addNameRange     '0.11.8',
35 silly addNameRange     '0.11.9',
35 silly addNameRange     '0.11.10',
35 silly addNameRange     '0.11.11',
35 silly addNameRange     '0.11.12',
35 silly addNameRange     '0.12.0',
35 silly addNameRange     '0.12.1',
35 silly addNameRange     '0.12.2',
35 silly addNameRange     '0.12.3',
35 silly addNameRange     '0.12.4',
35 silly addNameRange     '0.13.0',
35 silly addNameRange     '0.13.1',
35 silly addNameRange     '0.13.2',
35 silly addNameRange     '0.13.3',
35 silly addNameRange     '0.13.4',
35 silly addNameRange     '0.13.5',
35 silly addNameRange     '0.13.6',
35 silly addNameRange     '0.13.7',
35 silly addNameRange     '0.13.8',
35 silly addNameRange     '0.13.9',
35 silly addNameRange     '0.14.0',
35 silly addNameRange     '0.15.0',
35 silly addNameRange     '0.15.1',
35 silly addNameRange     '0.15.2',
35 silly addNameRange     '0.15.3',
35 silly addNameRange     '0.15.4',
35 silly addNameRange     '0.16.0',
35 silly addNameRange     '0.17.0',
35 silly addNameRange     '0.18.0',
35 silly addNameRange     '0.19.0',
35 silly addNameRange     '0.19.1',
35 silly addNameRange     '0.19.2',
35 silly addNameRange     '0.19.3',
35 silly addNameRange     '0.19.4',
35 silly addNameRange     '0.19.5',
35 silly addNameRange     '0.19.6',
35 silly addNameRange     '0.19.7',
35 silly addNameRange     '0.19.8',
35 silly addNameRange     '0.20.0',
35 silly addNameRange     '0.20.1',
35 silly addNameRange     '0.21.0',
35 silly addNameRange     '0.21.1',
35 silly addNameRange     '0.21.2',
35 silly addNameRange     '0.22.0',
35 silly addNameRange     '0.22.1',
35 silly addNameRange     '0.22.2',
35 silly addNameRange     '0.22.3',
35 silly addNameRange     '0.22.4',
35 silly addNameRange     '0.22.5',
35 silly addNameRange     '0.22.6',
35 silly addNameRange     '0.23.0',
35 silly addNameRange     '0.24.0',
35 silly addNameRange     '0.25.0',
35 silly addNameRange     '0.26.0',
35 silly addNameRange     '0.26.1',
35 silly addNameRange     '0.27.0',
35 silly addNameRange     '0.27.1',
35 silly addNameRange     '0.27.2',
35 silly addNameRange     '0.28.0',
35 silly addNameRange     '0.28.1',
35 silly addNameRange     '0.28.2',
35 silly addNameRange     '0.29.0',
35 silly addNameRange     '0.30.0',
35 silly addNameRange     '0.30.1',
35 silly addNameRange     '0.31.0',
35 silly addNameRange     '0.32.0',
35 silly addNameRange     '0.32.1',
35 silly addNameRange     '0.33.0',
35 silly addNameRange     '0.33.1',
35 silly addNameRange     '0.34.0',
35 silly addNameRange     '0.34.1',
35 silly addNameRange     '0.35.0',
35 silly addNameRange     '0.35.1',
35 silly addNameRange     '0.36.0',
35 silly addNameRange     '0.36.1',
35 silly addNameRange     '0.37.0',
35 silly addNameRange     '0.38.0',
35 silly addNameRange     '0.39.0',
35 silly addNameRange     '0.39.1',
35 silly addNameRange     '0.39.2',
35 silly addNameRange     '0.39.3',
35 silly addNameRange     '0.39.4',
35 silly addNameRange     '0.40.0',
35 silly addNameRange     '0.40.1',
35 silly addNameRange     '0.40.2',
35 silly addNameRange     '0.40.3',
35 silly addNameRange     '0.41.0',
35 silly addNameRange     '0.41.1',
35 silly addNameRange     '0.41.2',
35 silly addNameRange     '0.41.3',
35 silly addNameRange     '0.42.0',
35 silly addNameRange     '0.42.1',
35 silly addNameRange     '0.42.2',
35 silly addNameRange     '0.42.3',
35 silly addNameRange     '0.43.0',
35 silly addNameRange     '0.44.0-beta',
35 silly addNameRange     '0.43.1',
35 silly addNameRange     '0.44.0-beta2',
35 silly addNameRange     '0.44.0-beta3',
35 silly addNameRange     '0.44.0',
35 silly addNameRange     '0.45.0',
35 silly addNameRange     '0.45.1',
35 silly addNameRange     '0.46.0',
35 silly addNameRange     '0.46.1',
35 silly addNameRange     '0.46.2',
35 silly addNameRange     '0.46.3',
35 silly addNameRange     '0.47.0',
35 silly addNameRange     '0.47.1',
35 silly addNameRange     '0.47.2',
35 silly addNameRange     '0.47.3',
35 silly addNameRange     '0.48.0',
35 silly addNameRange     '0.48.1',
35 silly addNameRange     '0.49.0',
35 silly addNameRange     '0.49.1',
35 silly addNameRange     '0.49.2',
35 silly addNameRange     '0.49.3',
35 silly addNameRange     '0.50.0',
35 silly addNameRange     '0.51.0',
35 silly addNameRange     '0.51.1',
35 silly addNameRange     '0.52.0-alpha',
35 silly addNameRange     '0.52.0',
35 silly addNameRange     '0.52.1',
35 silly addNameRange     '0.52.2',
35 silly addNameRange     '0.52.3',
35 silly addNameRange     '0.52.4',
35 silly addNameRange     '0.53.0',
35 silly addNameRange     '0.54.0',
35 silly addNameRange     '0.54.2',
35 silly addNameRange     '0.54.3',
35 silly addNameRange     '0.54.4',
35 silly addNameRange     '0.54.5' ] ]
36 silly addNamed stylus@0.54.5
37 verbose addNamed "0.54.5" is a plain semver version for stylus
38 silly mapToRegistry name stylus
39 silly mapToRegistry using default registry
40 silly mapToRegistry registry https://registry.npmjs.org/
41 silly mapToRegistry uri https://registry.npmjs.org/stylus
42 verbose addRemoteTarball https://registry.npmjs.org/stylus/-/stylus-0.54.5.tgz not in flight; adding
43 verbose addRemoteTarball [ 'https://registry.npmjs.org/stylus/-/stylus-0.54.5.tgz',
43 verbose addRemoteTarball   '42b9560931ca7090ce8515a798ba9e6aa3d6dc79' ]
44 info retry fetch attempt 1 at 4:49:47 PM
45 info attempt registry request try #1 at 4:49:47 PM
46 http fetch GET https://registry.npmjs.org/stylus/-/stylus-0.54.5.tgz
47 info retry will retry, error on last attempt: Error: tunneling socket could not be established, cause=connect ETIMEDOUT 172.16.0.224:8080
48 info attempt registry request try #2 at 4:51:12 PM
49 http fetch GET https://registry.npmjs.org/stylus/-/stylus-0.54.5.tgz
50 info retry will retry, error on last attempt: Error: tunneling socket could not be established, cause=connect ETIMEDOUT 172.16.0.224:8080
51 info attempt registry request try #3 at 4:53:28 PM
52 http fetch GET https://registry.npmjs.org/stylus/-/stylus-0.54.5.tgz
53 error fetch failed https://registry.npmjs.org/stylus/-/stylus-0.54.5.tgz
54 warn retry will retry, error on last attempt: Error: tunneling socket could not be established, cause=connect ETIMEDOUT 172.16.0.224:8080
55 info retry fetch attempt 2 at 4:54:53 PM
56 info attempt registry request try #1 at 4:54:53 PM
57 http fetch GET https://registry.npmjs.org/stylus/-/stylus-0.54.5.tgz
58 info retry will retry, error on last attempt: Error: tunneling socket could not be established, cause=connect ETIMEDOUT 172.16.0.224:8080
59 info attempt registry request try #2 at 4:56:18 PM
60 http fetch GET https://registry.npmjs.org/stylus/-/stylus-0.54.5.tgz
61 info retry will retry, error on last attempt: Error: tunneling socket could not be established, cause=connect ETIMEDOUT 172.16.0.224:8080
62 info attempt registry request try #3 at 4:58:34 PM
63 http fetch GET https://registry.npmjs.org/stylus/-/stylus-0.54.5.tgz
64 error fetch failed https://registry.npmjs.org/stylus/-/stylus-0.54.5.tgz
65 warn retry will retry, error on last attempt: Error: tunneling socket could not be established, cause=connect ETIMEDOUT 172.16.0.224:8080
66 info retry fetch attempt 3 at 5:00:49 PM
67 info attempt registry request try #1 at 5:00:49 PM
68 http fetch GET https://registry.npmjs.org/stylus/-/stylus-0.54.5.tgz
69 info retry will retry, error on last attempt: Error: tunneling socket could not be established, cause=connect ETIMEDOUT 172.16.0.224:8080
70 info attempt registry request try #2 at 5:02:15 PM
71 http fetch GET https://registry.npmjs.org/stylus/-/stylus-0.54.5.tgz
72 info retry will retry, error on last attempt: Error: tunneling socket could not be established, cause=connect ETIMEDOUT 172.16.0.224:8080
73 info attempt registry request try #3 at 5:04:30 PM
74 http fetch GET https://registry.npmjs.org/stylus/-/stylus-0.54.5.tgz
75 error fetch failed https://registry.npmjs.org/stylus/-/stylus-0.54.5.tgz
76 verbose stack Error: tunneling socket could not be established, cause=connect ETIMEDOUT 172.16.0.224:8080
76 verbose stack     at ClientRequest.onError (/usr/local/lib/node_modules/npm/node_modules/request/node_modules/tunnel-agent/index.js:174:17)
76 verbose stack     at ClientRequest.g (events.js:260:16)
76 verbose stack     at emitOne (events.js:77:13)
76 verbose stack     at ClientRequest.emit (events.js:169:7)
76 verbose stack     at Socket.socketErrorListener (_http_client.js:259:9)
76 verbose stack     at emitOne (events.js:77:13)
76 verbose stack     at Socket.emit (events.js:169:7)
76 verbose stack     at emitErrorNT (net.js:1253:8)
76 verbose stack     at doNTCallback2 (node.js:439:9)
76 verbose stack     at process._tickCallback (node.js:353:17)
77 verbose cwd /Users/Lady/Desktop/Hallo-BBB
78 error Darwin 15.6.0
79 error argv "/usr/local/bin/node" "/usr/local/bin/npm" "install" "-g" "stylus"
80 error node v4.2.1
81 error npm  v2.14.7
82 error code ECONNRESET
83 error network tunneling socket could not be established, cause=connect ETIMEDOUT 172.16.0.224:8080
83 error network This is most likely not a problem with npm itself
83 error network and is related to network connectivity.
83 error network In most cases you are behind a proxy or have bad network settings.
83 error network
83 error network If you are behind a proxy, please make sure that the
83 error network 'proxy' config is set properly.  See: 'npm help config'
84 verbose exit [ 1, true ]
